# JRE version: Java(TM) SE Runtime Environment (8.0_91-b15) (build 1.8.0_91-b15)
# Java VM: Java HotSpot(TM) 64-Bit Server VM (25.91-b15 mixed mode windows-amd64 compressed oops)
Heap:
 PSYoungGen      total 76288K, used 16553K [0x000000076b400000, 0x0000000770900000, 0x00000007c0000000)
  eden space 65536K, 10% used [0x000000076b400000,0x000000076ba8b0a8,0x000000076f400000)
  from space 10752K, 91% used [0x000000076f400000,0x000000076fd9f570,0x000000076fe80000)
  to   space 10752K, 0% used [0x000000076fe80000,0x000000076fe80000,0x0000000770900000)
 ParOldGen       total 74752K, used 8853K [0x00000006c1c00000, 0x00000006c6500000, 0x000000076b400000)
  object space 74752K, 11% used [0x00000006c1c00000,0x00000006c24a5408,0x00000006c6500000)
 Metaspace       used 28230K, capacity 29542K, committed 29824K, reserved 1075200K
  class space    used 3291K, capacity 3644K, committed 3712K, reserved 1048576K
GC Heap History (8 events):
Event: 1.088 GC heap before
{Heap before GC invocations=1 (full 0):
 PSYoungGen      total 76288K, used 65536K [0x000000076b400000, 0x0000000770900000, 0x00000007c0000000)
  eden space 65536K, 100% used [0x000000076b400000,0x000000076f400000,0x000000076f400000)
  from space 10752K, 0% used [0x000000076fe80000,0x000000076fe80000,0x0000000770900000)
  to   space 10752K, 0% used [0x000000076f400000,0x000000076f400000,0x000000076fe80000)
 ParOldGen       total 175104K, used 0K [0x00000006c1c00000, 0x00000006cc700000, 0x000000076b400000)
  object space 175104K, 0% used [0x00000006c1c00000,0x00000006c1c00000,0x00000006cc700000)
 Metaspace       used 12524K, capacity 13128K, committed 13184K, reserved 1060864K
  class space    used 1423K, capacity 1639K, committed 1664K, reserved 1048576K
Event: 1.093 GC heap after
Heap after GC invocations=1 (full 0):
 PSYoungGen      total 76288K, used 8105K [0x000000076b400000, 0x0000000770900000, 0x00000007c0000000)
  eden space 65536K, 0% used [0x000000076b400000,0x000000076b400000,0x000000076f400000)
  from space 10752K, 75% used [0x000000076f400000,0x000000076fbea638,0x000000076fe80000)
  to   space 10752K, 0% used [0x000000076fe80000,0x000000076fe80000,0x0000000770900000)
 ParOldGen       total 175104K, used 16K [0x00000006c1c00000, 0x00000006cc700000, 0x000000076b400000)
  object space 175104K, 0% used [0x00000006c1c00000,0x00000006c1c04000,0x00000006cc700000)
 Metaspace       used 12524K, capacity 13128K, committed 13184K, reserved 1060864K
  class space    used 1423K, capacity 1639K, committed 1664K, reserved 1048576K
}
Event: 415.199 GC heap before
{Heap before GC invocations=2 (full 0):
 PSYoungGen      total 76288K, used 59561K [0x000000076b400000, 0x0000000770900000, 0x00000007c0000000)
  eden space 65536K, 78% used [0x000000076b400000,0x000000076e63fe70,0x000000076f400000)
  from space 10752K, 75% used [0x000000076f400000,0x000000076fbea638,0x000000076fe80000)
  to   space 10752K, 0% used [0x000000076fe80000,0x000000076fe80000,0x0000000770900000)
 ParOldGen       total 175104K, used 16K [0x00000006c1c00000, 0x00000006cc700000, 0x000000076b400000)
  object space 175104K, 0% used [0x00000006c1c00000,0x00000006c1c04000,0x00000006cc700000)
 Metaspace       used 20045K, capacity 21144K, committed 21296K, reserved 1069056K
  class space    used 2395K, capacity 2661K, committed 2688K, reserved 1048576K
Event: 415.209 GC heap after
Heap after GC invocations=2 (full 0):
 PSYoungGen      total 76288K, used 9363K [0x000000076b400000, 0x0000000770900000, 0x00000007c0000000)
  eden space 65536K, 0% used [0x000000076b400000,0x000000076b400000,0x000000076f400000)
  from space 10752K, 87% used [0x000000076fe80000,0x00000007707a4fa8,0x0000000770900000)
  to   space 10752K, 0% used [0x000000076f400000,0x000000076f400000,0x000000076fe80000)
 ParOldGen       total 175104K, used 24K [0x00000006c1c00000, 0x00000006cc700000, 0x000000076b400000)
  object space 175104K, 0% used [0x00000006c1c00000,0x00000006c1c06000,0x00000006cc700000)
 Metaspace       used 20045K, capacity 21144K, committed 21296K, reserved 1069056K
  class space    used 2395K, capacity 2661K, committed 2688K, reserved 1048576K
}
Event: 415.209 GC heap before
{Heap before GC invocations=3 (full 1):
 PSYoungGen      total 76288K, used 9363K [0x000000076b400000, 0x0000000770900000, 0x00000007c0000000)
  eden space 65536K, 0% used [0x000000076b400000,0x000000076b400000,0x000000076f400000)
  from space 10752K, 87% used [0x000000076fe80000,0x00000007707a4fa8,0x0000000770900000)
  to   space 10752K, 0% used [0x000000076f400000,0x000000076f400000,0x000000076fe80000)
 ParOldGen       total 175104K, used 24K [0x00000006c1c00000, 0x00000006cc700000, 0x000000076b400000)
  object space 175104K, 0% used [0x00000006c1c00000,0x00000006c1c06000,0x00000006cc700000)
 Metaspace       used 20045K, capacity 21144K, committed 21296K, reserved 1069056K
  class space    used 2395K, capacity 2661K, committed 2688K, reserved 1048576K
Event: 415.240 GC heap after
Heap after GC invocations=3 (full 1):
 PSYoungGen      total 76288K, used 0K [0x000000076b400000, 0x0000000770900000, 0x00000007c0000000)
  eden space 65536K, 0% used [0x000000076b400000,0x000000076b400000,0x000000076f400000)
  from space 10752K, 0% used [0x000000076fe80000,0x000000076fe80000,0x0000000770900000)
  to   space 10752K, 0% used [0x000000076f400000,0x000000076f400000,0x000000076fe80000)
 ParOldGen       total 74752K, used 8845K [0x00000006c1c00000, 0x00000006c6500000, 0x000000076b400000)
  object space 74752K, 11% used [0x00000006c1c00000,0x00000006c24a3408,0x00000006c6500000)
 Metaspace       used 17556K, capacity 18574K, committed 21296K, reserved 1069056K
  class space    used 2120K, capacity 2374K, committed 2688K, reserved 1048576K
}
Event: 536.192 GC heap before
{Heap before GC invocations=4 (full 1):
 PSYoungGen      total 76288K, used 65536K [0x000000076b400000, 0x0000000770900000, 0x00000007c0000000)
  eden space 65536K, 100% used [0x000000076b400000,0x000000076f400000,0x000000076f400000)
  from space 10752K, 0% used [0x000000076fe80000,0x000000076fe80000,0x0000000770900000)
  to   space 10752K, 0% used [0x000000076f400000,0x000000076f400000,0x000000076fe80000)
 ParOldGen       total 74752K, used 8845K [0x00000006c1c00000, 0x00000006c6500000, 0x000000076b400000)
  object space 74752K, 11% used [0x00000006c1c00000,0x00000006c24a3408,0x00000006c6500000)
 Metaspace       used 26623K, capacity 27966K, committed 28288K, reserved 1075200K
  class space    used 3098K, capacity 3433K, committed 3456K, reserved 1048576K
Event: 536.209 GC heap after
Heap after GC invocations=4 (full 1):
 PSYoungGen      total 76288K, used 9853K [0x000000076b400000, 0x0000000770900000, 0x00000007c0000000)
  eden space 65536K, 0% used [0x000000076b400000,0x000000076b400000,0x000000076f400000)
  from space 10752K, 91% used [0x000000076f400000,0x000000076fd9f570,0x000000076fe80000)
  to   space 10752K, 0% used [0x000000076fe80000,0x000000076fe80000,0x0000000770900000)
 ParOldGen       total 74752K, used 8853K [0x00000006c1c00000, 0x00000006c6500000, 0x000000076b400000)
  object space 74752K, 11% used [0x00000006c1c00000,0x00000006c24a5408,0x00000006c6500000)
 Metaspace       used 26623K, capacity 27966K, committed 28288K, reserved 1075200K
  class space    used 3098K, capacity 3433K, committed 3456K, reserved 1048576K
}

